<?xml version="1.0" encoding="UTF-8"?>
<robot generator="Robot 5.0.1 (Python 3.10.0 on win32)" generated="20220604 12:02:14.248" rpa="false" schemaversion="3">
<suite id="s1" name="Search" source="C:\rw5\parodifood\tests\search.robot">
<test id="s1-t1" name="Search a restaurant by name" line="5">
<kw name="New Browser" library="Browser">
<arg>chromium</arg>
<arg>False</arg>
<tag>BrowserControl</tag>
<tag>Setter</tag>
<doc>Create a new playwright Browser with specified options.</doc>
<msg timestamp="20220604 12:02:15.820" level="INFO">{"browser": "chromium", "headless": false, "handleSIGINT": true, "handleSIGTERM": true, "handleSIGHUP": true, "timeout": 30000.0, "devtools": false, "slowMo": 0.0, "tracesDir": "C:\\rw5\\parodifood\\logs\\browser\\traces\\7dbcab7b-3d4b-4f1f-93d8-f7262936f918"}</msg>
<msg timestamp="20220604 12:02:16.583" level="INFO">Successfully created browser with options: {"browser":"chromium","headless":false,"handleSIGINT":true,"handleSIGTERM":true,"handleSIGHUP":true,"timeout":30000,"devtools":false,"slowMo":0,"tracesDir":"C:\\rw5\\parodifood\\logs\\browser\\traces\\7dbcab7b-3d4b-4f1f-93d8-f7262936f918"}</msg>
<status status="PASS" starttime="20220604 12:02:15.819" endtime="20220604 12:02:16.583"/>
</kw>
<kw name="New Page" library="Browser">
<arg>http://parodifood.qaninja.academy/</arg>
<tag>BrowserControl</tag>
<tag>Setter</tag>
<doc>Open a new Page.</doc>
<msg timestamp="20220604 12:02:19.114" level="INFO">Successfully initialized new page object and opened url: http://parodifood.qaninja.academy/</msg>
<msg timestamp="20220604 12:02:19.114" level="INFO">No context was open. New context was automatically opened when this page is created.</msg>
<status status="PASS" starttime="20220604 12:02:16.591" endtime="20220604 12:02:19.114"/>
</kw>
<kw name="Get Text" library="Browser">
<arg>p</arg>
<arg>contains</arg>
<arg>Nunca foi tão engraçado pedir comida</arg>
<tag>Assertion</tag>
<tag>Getter</tag>
<tag>PageContent</tag>
<doc>Returns text attribute of the element found by ``selector``.</doc>
<status status="PASS" starttime="20220604 12:02:19.115" endtime="20220604 12:02:19.309"/>
</kw>
<kw name="Click" library="Browser">
<arg>text=Estou com fome!</arg>
<tag>PageContent</tag>
<tag>Setter</tag>
<doc>Simulates mouse click on the element found by ``selector``.</doc>
<status status="PASS" starttime="20220604 12:02:19.309" endtime="20220604 12:02:19.430"/>
</kw>
<kw name="Get Text" library="Browser">
<arg>h1</arg>
<arg>contains</arg>
<arg>Ta na hora de matar a fome!</arg>
<tag>Assertion</tag>
<tag>Getter</tag>
<tag>PageContent</tag>
<doc>Returns text attribute of the element found by ``selector``.</doc>
<status status="PASS" starttime="20220604 12:02:19.431" endtime="20220604 12:02:19.450"/>
</kw>
<kw name="Click" library="Browser">
<arg>css=.search-link</arg>
<tag>PageContent</tag>
<tag>Setter</tag>
<doc>Simulates mouse click on the element found by ``selector``.</doc>
<status status="PASS" starttime="20220604 12:02:19.450" endtime="20220604 12:02:19.505"/>
</kw>
<kw name="Fill Text" library="Browser">
<arg>css=input[formcontrolname="searchControl"]</arg>
<arg>Debuger</arg>
<tag>PageContent</tag>
<tag>Setter</tag>
<doc>Clears and fills the given ``txt`` into the text field found by ``selector``.</doc>
<msg timestamp="20220604 12:02:19.506" level="INFO">Fills the text 'Debuger' in the given field.</msg>
<status status="PASS" starttime="20220604 12:02:19.506" endtime="20220604 12:02:19.540"/>
</kw>
<kw name="Wait For Elements State" library="Browser">
<arg>css=.place-info-box</arg>
<arg>visible</arg>
<arg>10</arg>
<tag>PageContent</tag>
<tag>Wait</tag>
<doc>Waits for the element found by ``selector`` to satisfy state option.</doc>
<msg timestamp="20220604 12:02:20.390" level="INFO">Waited for Element with selector css=.place-info-box at state visible</msg>
<status status="PASS" starttime="20220604 12:02:19.541" endtime="20220604 12:02:20.391"/>
</kw>
<kw name="Get Text" library="Browser">
<arg>css=.place-info-box-text</arg>
<arg>contains</arg>
<arg>DEBUGER KING</arg>
<tag>Assertion</tag>
<tag>Getter</tag>
<tag>PageContent</tag>
<doc>Returns text attribute of the element found by ``selector``.</doc>
<status status="PASS" starttime="20220604 12:02:20.391" endtime="20220604 12:02:20.410"/>
</kw>
<kw name="Sleep" library="BuiltIn">
<arg>1</arg>
<doc>Pauses the test executed for the given time.</doc>
<msg timestamp="20220604 12:02:21.412" level="INFO">Slept 1 second</msg>
<status status="PASS" starttime="20220604 12:02:20.411" endtime="20220604 12:02:21.412"/>
</kw>
<kw name="Take Screenshot" library="Browser">
<tag>PageContent</tag>
<doc>Takes a screenshot of the current window or element and saves it to disk.</doc>
<msg timestamp="20220604 12:02:21.635" level="INFO" html="true">&lt;/td&gt;&lt;/tr&gt;&lt;tr&gt;&lt;td colspan="3"&gt;&lt;a href="browser/screenshot/robotframework-browser-screenshot-1.png"&gt;&lt;img src="browser/screenshot/robotframework-browser-screenshot-1.png" width="800px"&gt;&lt;/a&gt;</msg>
<status status="PASS" starttime="20220604 12:02:21.413" endtime="20220604 12:02:21.635"/>
</kw>
<status status="PASS" starttime="20220604 12:02:15.813" endtime="20220604 12:02:21.638"/>
</test>
<status status="PASS" starttime="20220604 12:02:14.255" endtime="20220604 12:02:21.792"/>
</suite>
<statistics>
<total>
<stat pass="1" fail="0" skip="0">All Tests</stat>
</total>
<tag>
</tag>
<suite>
<stat pass="1" fail="0" skip="0" id="s1" name="Search">Search</stat>
</suite>
</statistics>
<errors>
</errors>
</robot>
