<?xml version="1.0" encoding="UTF-8"?>
<robot generator="Robot 5.0.1 (Python 3.10.0 on win32)" generated="20220606 20:39:06.392" rpa="false" schemaversion="3">
<suite id="s1" name="Search" source="C:\rw5\parodifood\tests\search.robot">
<test id="s1-t1" name="Search only one restaurant by name" line="5">
<kw name="New Browser" library="Browser">
<arg>chromium</arg>
<arg>False</arg>
<tag>BrowserControl</tag>
<tag>Setter</tag>
<doc>Create a new playwright Browser with specified options.</doc>
<msg timestamp="20220606 20:39:07.796" level="INFO">{"browser": "chromium", "headless": false, "handleSIGINT": true, "handleSIGTERM": true, "handleSIGHUP": true, "timeout": 30000.0, "devtools": false, "slowMo": 0.0, "tracesDir": "C:\\rw5\\parodifood\\logs\\browser\\traces\\78fb1c87-e2e4-4d6a-aa9b-6132b64312bf"}</msg>
<msg timestamp="20220606 20:39:08.394" level="INFO">Successfully created browser with options: {"browser":"chromium","headless":false,"handleSIGINT":true,"handleSIGTERM":true,"handleSIGHUP":true,"timeout":30000,"devtools":false,"slowMo":0,"tracesDir":"C:\\rw5\\parodifood\\logs\\browser\\traces\\78fb1c87-e2e4-4d6a-aa9b-6132b64312bf"}</msg>
<status status="PASS" starttime="20220606 20:39:07.795" endtime="20220606 20:39:08.395"/>
</kw>
<kw name="New Page" library="Browser">
<arg>http://parodifood.qaninja.academy/</arg>
<tag>BrowserControl</tag>
<tag>Setter</tag>
<doc>Open a new Page.</doc>
<msg timestamp="20220606 20:39:10.185" level="INFO">Successfully initialized new page object and opened url: http://parodifood.qaninja.academy/</msg>
<msg timestamp="20220606 20:39:10.185" level="INFO">No context was open. New context was automatically opened when this page is created.</msg>
<status status="PASS" starttime="20220606 20:39:08.422" endtime="20220606 20:39:10.186"/>
</kw>
<kw name="Get Text" library="Browser">
<arg>p</arg>
<arg>contains</arg>
<arg>Nunca foi tão engraçado pedir comida</arg>
<tag>Assertion</tag>
<tag>Getter</tag>
<tag>PageContent</tag>
<doc>Returns text attribute of the element found by ``selector``.</doc>
<status status="PASS" starttime="20220606 20:39:10.187" endtime="20220606 20:39:10.344"/>
</kw>
<kw name="Click" library="Browser">
<arg>text=Estou com fome!</arg>
<tag>PageContent</tag>
<tag>Setter</tag>
<doc>Simulates mouse click on the element found by ``selector``.</doc>
<status status="PASS" starttime="20220606 20:39:10.345" endtime="20220606 20:39:10.437"/>
</kw>
<kw name="Get Text" library="Browser">
<arg>h1</arg>
<arg>contains</arg>
<arg>Ta na hora de matar a fome!</arg>
<tag>Assertion</tag>
<tag>Getter</tag>
<tag>PageContent</tag>
<doc>Returns text attribute of the element found by ``selector``.</doc>
<status status="PASS" starttime="20220606 20:39:10.438" endtime="20220606 20:39:10.457"/>
</kw>
<kw name="Click" library="Browser">
<arg>css=.search-link</arg>
<tag>PageContent</tag>
<tag>Setter</tag>
<doc>Simulates mouse click on the element found by ``selector``.</doc>
<status status="PASS" starttime="20220606 20:39:10.458" endtime="20220606 20:39:10.518"/>
</kw>
<kw name="Fill Text" library="Browser">
<arg>css=input[formcontrolname="searchControl"]</arg>
<arg>Debuger</arg>
<tag>PageContent</tag>
<tag>Setter</tag>
<doc>Clears and fills the given ``txt`` into the text field found by ``selector``.</doc>
<msg timestamp="20220606 20:39:10.519" level="INFO">Fills the text 'Debuger' in the given field.</msg>
<status status="PASS" starttime="20220606 20:39:10.519" endtime="20220606 20:39:10.553"/>
</kw>
<kw name="Wait For Elements State" library="Browser">
<arg>css=div[class="place-info-box"][style="opacity: 1;"]</arg>
<arg>visible</arg>
<tag>PageContent</tag>
<tag>Wait</tag>
<doc>Waits for the element found by ``selector`` to satisfy state option.</doc>
<msg timestamp="20220606 20:39:11.715" level="INFO">Waited for Element with selector css=div[class="place-info-box"][style="opacity: 1;"] at state visible</msg>
<status status="PASS" starttime="20220606 20:39:10.554" endtime="20220606 20:39:11.716"/>
</kw>
<kw name="Get Text" library="Browser">
<arg>css=.place-info-box-text</arg>
<arg>contains</arg>
<arg>DEBUGER KING</arg>
<tag>Assertion</tag>
<tag>Getter</tag>
<tag>PageContent</tag>
<doc>Returns text attribute of the element found by ``selector``.</doc>
<status status="PASS" starttime="20220606 20:39:11.716" endtime="20220606 20:39:11.740"/>
</kw>
<kw name="Get Element Count" library="Browser">
<arg>css=.place-info-box-text</arg>
<arg>equal</arg>
<arg>1</arg>
<tag>Assertion</tag>
<tag>Getter</tag>
<tag>PageContent</tag>
<doc>Returns the count of elements found with ``selector``.</doc>
<status status="PASS" starttime="20220606 20:39:11.742" endtime="20220606 20:39:11.755"/>
</kw>
<kw name="Take Screenshot" library="Browser">
<tag>PageContent</tag>
<doc>Takes a screenshot of the current window or element and saves it to disk.</doc>
<msg timestamp="20220606 20:39:11.967" level="INFO" html="true">&lt;/td&gt;&lt;/tr&gt;&lt;tr&gt;&lt;td colspan="3"&gt;&lt;a href="browser/screenshot/robotframework-browser-screenshot-1.png"&gt;&lt;img src="browser/screenshot/robotframework-browser-screenshot-1.png" width="800px"&gt;&lt;/a&gt;</msg>
<status status="PASS" starttime="20220606 20:39:11.764" endtime="20220606 20:39:11.967"/>
</kw>
<status status="PASS" starttime="20220606 20:39:07.790" endtime="20220606 20:39:11.973"/>
</test>
<test id="s1-t2" name="Search for a restaurant by category" line="31">
<kw name="New Browser" library="Browser">
<arg>chromium</arg>
<arg>False</arg>
<tag>BrowserControl</tag>
<tag>Setter</tag>
<doc>Create a new playwright Browser with specified options.</doc>
<msg timestamp="20220606 20:39:12.093" level="INFO">{"browser": "chromium", "headless": false, "handleSIGINT": true, "handleSIGTERM": true, "handleSIGHUP": true, "timeout": 30000.0, "devtools": false, "slowMo": 0.0, "tracesDir": "C:\\rw5\\parodifood\\logs\\browser\\traces\\25da3713-9550-4911-89e0-c2be7aa4581a"}</msg>
<msg timestamp="20220606 20:39:12.769" level="INFO">Successfully created browser with options: {"browser":"chromium","headless":false,"handleSIGINT":true,"handleSIGTERM":true,"handleSIGHUP":true,"timeout":30000,"devtools":false,"slowMo":0,"tracesDir":"C:\\rw5\\parodifood\\logs\\browser\\traces\\25da3713-9550-4911-89e0-c2be7aa4581a"}</msg>
<status status="PASS" starttime="20220606 20:39:12.092" endtime="20220606 20:39:12.770"/>
</kw>
<kw name="New Page" library="Browser">
<arg>http://parodifood.qaninja.academy/</arg>
<tag>BrowserControl</tag>
<tag>Setter</tag>
<doc>Open a new Page.</doc>
<msg timestamp="20220606 20:39:15.415" level="INFO">Successfully initialized new page object and opened url: http://parodifood.qaninja.academy/</msg>
<msg timestamp="20220606 20:39:15.416" level="INFO">No context was open. New context was automatically opened when this page is created.</msg>
<status status="PASS" starttime="20220606 20:39:12.776" endtime="20220606 20:39:15.416"/>
</kw>
<kw name="Get Text" library="Browser">
<arg>p</arg>
<arg>contains</arg>
<arg>Nunca foi tão engraçado pedir comida</arg>
<tag>Assertion</tag>
<tag>Getter</tag>
<tag>PageContent</tag>
<doc>Returns text attribute of the element found by ``selector``.</doc>
<status status="PASS" starttime="20220606 20:39:15.416" endtime="20220606 20:39:15.599"/>
</kw>
<kw name="Click" library="Browser">
<arg>text=Estou com fome!</arg>
<tag>PageContent</tag>
<tag>Setter</tag>
<doc>Simulates mouse click on the element found by ``selector``.</doc>
<status status="PASS" starttime="20220606 20:39:15.600" endtime="20220606 20:39:15.705"/>
</kw>
<kw name="Get Text" library="Browser">
<arg>h1</arg>
<arg>contains</arg>
<arg>Ta na hora de matar a fome!</arg>
<tag>Assertion</tag>
<tag>Getter</tag>
<tag>PageContent</tag>
<doc>Returns text attribute of the element found by ``selector``.</doc>
<status status="PASS" starttime="20220606 20:39:15.706" endtime="20220606 20:39:15.726"/>
</kw>
<kw name="Click" library="Browser">
<arg>css=.search-link</arg>
<tag>PageContent</tag>
<tag>Setter</tag>
<doc>Simulates mouse click on the element found by ``selector``.</doc>
<status status="PASS" starttime="20220606 20:39:15.727" endtime="20220606 20:39:15.770"/>
</kw>
<kw name="Fill Text" library="Browser">
<arg>css=input[formcontrolname="searchControl"]</arg>
<arg>Cafe</arg>
<tag>PageContent</tag>
<tag>Setter</tag>
<doc>Clears and fills the given ``txt`` into the text field found by ``selector``.</doc>
<msg timestamp="20220606 20:39:15.771" level="INFO">Fills the text 'Cafe' in the given field.</msg>
<status status="PASS" starttime="20220606 20:39:15.771" endtime="20220606 20:39:15.799"/>
</kw>
<kw name="Wait For Elements State" library="Browser">
<arg>css=div[class="place-info-box"][style="opacity: 1;"]</arg>
<arg>visible</arg>
<tag>PageContent</tag>
<tag>Wait</tag>
<doc>Waits for the element found by ``selector`` to satisfy state option.</doc>
<msg timestamp="20220606 20:39:16.784" level="INFO">Waited for Element with selector css=div[class="place-info-box"][style="opacity: 1;"] at state visible</msg>
<status status="PASS" starttime="20220606 20:39:15.800" endtime="20220606 20:39:16.784"/>
</kw>
<kw name="Get Text" library="Browser">
<arg>css=.place-info-box-text</arg>
<arg>contains</arg>
<arg>STARBUGS COFFEE</arg>
<tag>Assertion</tag>
<tag>Getter</tag>
<tag>PageContent</tag>
<doc>Returns text attribute of the element found by ``selector``.</doc>
<status status="PASS" starttime="20220606 20:39:16.785" endtime="20220606 20:39:16.820"/>
</kw>
<kw name="Take Screenshot" library="Browser">
<tag>PageContent</tag>
<doc>Takes a screenshot of the current window or element and saves it to disk.</doc>
<msg timestamp="20220606 20:39:17.079" level="INFO" html="true">&lt;/td&gt;&lt;/tr&gt;&lt;tr&gt;&lt;td colspan="3"&gt;&lt;a href="browser/screenshot/robotframework-browser-screenshot-2.png"&gt;&lt;img src="browser/screenshot/robotframework-browser-screenshot-2.png" width="800px"&gt;&lt;/a&gt;</msg>
<status status="PASS" starttime="20220606 20:39:16.822" endtime="20220606 20:39:17.079"/>
</kw>
<status status="PASS" starttime="20220606 20:39:12.086" endtime="20220606 20:39:17.081"/>
</test>
<test id="s1-t3" name="Search for all restaurant" line="50">
<kw name="New Browser" library="Browser">
<arg>chromium</arg>
<arg>False</arg>
<tag>BrowserControl</tag>
<tag>Setter</tag>
<doc>Create a new playwright Browser with specified options.</doc>
<msg timestamp="20220606 20:39:17.239" level="INFO">{"browser": "chromium", "headless": false, "handleSIGINT": true, "handleSIGTERM": true, "handleSIGHUP": true, "timeout": 30000.0, "devtools": false, "slowMo": 0.0, "tracesDir": "C:\\rw5\\parodifood\\logs\\browser\\traces\\ce9fe235-389d-4b27-a0af-651f71d6b9bc"}</msg>
<msg timestamp="20220606 20:39:17.894" level="INFO">Successfully created browser with options: {"browser":"chromium","headless":false,"handleSIGINT":true,"handleSIGTERM":true,"handleSIGHUP":true,"timeout":30000,"devtools":false,"slowMo":0,"tracesDir":"C:\\rw5\\parodifood\\logs\\browser\\traces\\ce9fe235-389d-4b27-a0af-651f71d6b9bc"}</msg>
<status status="PASS" starttime="20220606 20:39:17.238" endtime="20220606 20:39:17.894"/>
</kw>
<kw name="New Page" library="Browser">
<arg>http://parodifood.qaninja.academy/</arg>
<tag>BrowserControl</tag>
<tag>Setter</tag>
<doc>Open a new Page.</doc>
<msg timestamp="20220606 20:39:19.618" level="INFO">Successfully initialized new page object and opened url: http://parodifood.qaninja.academy/</msg>
<msg timestamp="20220606 20:39:19.619" level="INFO">No context was open. New context was automatically opened when this page is created.</msg>
<status status="PASS" starttime="20220606 20:39:17.897" endtime="20220606 20:39:19.619"/>
</kw>
<kw name="Get Text" library="Browser">
<arg>p</arg>
<arg>contains</arg>
<arg>Nunca foi tão engraçado pedir comida</arg>
<tag>Assertion</tag>
<tag>Getter</tag>
<tag>PageContent</tag>
<doc>Returns text attribute of the element found by ``selector``.</doc>
<status status="PASS" starttime="20220606 20:39:19.620" endtime="20220606 20:39:19.780"/>
</kw>
<kw name="Click" library="Browser">
<arg>text=Estou com fome!</arg>
<tag>PageContent</tag>
<tag>Setter</tag>
<doc>Simulates mouse click on the element found by ``selector``.</doc>
<status status="PASS" starttime="20220606 20:39:19.781" endtime="20220606 20:39:19.894"/>
</kw>
<kw name="Get Text" library="Browser">
<arg>h1</arg>
<arg>contains</arg>
<arg>Ta na hora de matar a fome!</arg>
<tag>Assertion</tag>
<tag>Getter</tag>
<tag>PageContent</tag>
<doc>Returns text attribute of the element found by ``selector``.</doc>
<status status="PASS" starttime="20220606 20:39:19.894" endtime="20220606 20:39:19.914"/>
</kw>
<kw name="Click" library="Browser">
<arg>css=.search-link</arg>
<tag>PageContent</tag>
<tag>Setter</tag>
<doc>Simulates mouse click on the element found by ``selector``.</doc>
<status status="PASS" starttime="20220606 20:39:19.914" endtime="20220606 20:39:19.972"/>
</kw>
<kw name="Fill Text" library="Browser">
<arg>css=input[formcontrolname="searchControl"]</arg>
<arg>a</arg>
<tag>PageContent</tag>
<tag>Setter</tag>
<doc>Clears and fills the given ``txt`` into the text field found by ``selector``.</doc>
<msg timestamp="20220606 20:39:19.973" level="INFO">Fills the text 'a' in the given field.</msg>
<status status="PASS" starttime="20220606 20:39:19.972" endtime="20220606 20:39:20.002"/>
</kw>
<kw name="Wait For Elements State" library="Browser">
<arg>css=.content</arg>
<arg>visible</arg>
<tag>PageContent</tag>
<tag>Wait</tag>
<doc>Waits for the element found by ``selector`` to satisfy state option.</doc>
<msg timestamp="20220606 20:39:20.017" level="INFO">Waited for Element with selector css=.content at state visible</msg>
<status status="PASS" starttime="20220606 20:39:20.002" endtime="20220606 20:39:20.017"/>
</kw>
<kw name="Get Element Count" library="Browser">
<arg>css=.place-info-box-text</arg>
<arg>equal</arg>
<arg>5</arg>
<tag>Assertion</tag>
<tag>Getter</tag>
<tag>PageContent</tag>
<doc>Returns the count of elements found with ``selector``.</doc>
<status status="PASS" starttime="20220606 20:39:20.017" endtime="20220606 20:39:20.376"/>
</kw>
<kw name="Sleep" library="BuiltIn">
<arg>1</arg>
<doc>Pauses the test executed for the given time.</doc>
<msg timestamp="20220606 20:39:21.378" level="INFO">Slept 1 second</msg>
<status status="PASS" starttime="20220606 20:39:20.377" endtime="20220606 20:39:21.378"/>
</kw>
<kw name="Take Screenshot" library="Browser">
<tag>PageContent</tag>
<doc>Takes a screenshot of the current window or element and saves it to disk.</doc>
<msg timestamp="20220606 20:39:21.591" level="INFO" html="true">&lt;/td&gt;&lt;/tr&gt;&lt;tr&gt;&lt;td colspan="3"&gt;&lt;a href="browser/screenshot/robotframework-browser-screenshot-3.png"&gt;&lt;img src="browser/screenshot/robotframework-browser-screenshot-3.png" width="800px"&gt;&lt;/a&gt;</msg>
<status status="PASS" starttime="20220606 20:39:21.379" endtime="20220606 20:39:21.591"/>
</kw>
<status status="PASS" starttime="20220606 20:39:17.234" endtime="20220606 20:39:21.596"/>
</test>
<status status="PASS" starttime="20220606 20:39:06.394" endtime="20220606 20:39:21.705"/>
</suite>
<statistics>
<total>
<stat pass="3" fail="0" skip="0">All Tests</stat>
</total>
<tag>
</tag>
<suite>
<stat pass="3" fail="0" skip="0" id="s1" name="Search">Search</stat>
</suite>
</statistics>
<errors>
</errors>
</robot>
